1510877964330:hello
1510880766778:heelo
1510880769276:hello
1510880824456:goodbye
1510880966881:add
1510880975362:add 1 2
1510880981226:add -a 1 -b 3
1510880991217:add --b 3 --a 1
1510881057108:add --b 3 --a 2
1510892835375:add 1 2
1510892896168:square 99
1510892902311:square 989
1510892908813:suqare 98989
1510892913183:square 98989
1510892917999:square 9898989
1510892958590:square 989898989
1510967650320:makeCommand
1510967654252:help
1510967660478:make-command
1510967676870:make-command foo
1510971034690:make-command test
1510973379470:hello
1510973527538:add 1 2
1510973885664:gsgsgsdg
1510973904918:coffee
1510975486063:list-commands
1510975606709:make-command test
1510975610189:list-commands
1510975851305:make-command test
1510975854189:list-commands
1510975884547:make-command test
1510975887677:list-commands
1510976552397:help
1510976726946:giant-hello-world
1510977645875:print toast
1510977698659:item name
1510977701705:print name
